13:56:49.723 [main] INFO  it.Esercizio.Conti.Conto - Chiusura anno- Data Iniziale: 2021-01-01, Data Aggiornata: 2021-12-31, Giorni trascorsi:364 ,Interessi giornaliero: 0,27,Interesse Calcolato: 99,73, Interesse Complessivo 99,73 
13:56:49.726 [main] INFO  it.Esercizio.Conti.Conto - Tassazione: Data iniziale: 2021-12-31, Data Aggiornata: 2022-01-01, Interessi Totali: 99,73, Tassa al 26%: 25,93, Interesse Netto: 73,80 
13:56:49.726 [main] INFO  it.Esercizio.Conti.Conto - Calcolo interessi - Data iniziale: 2022-01-01,Data Del Aggiornata: 2022-01-01 , Giorni Trascorsi: 0, Interesse Giornaliero: 0,29, Interesse totale: 0,00, Interessi Totali: 0,00   
13:56:49.726 [main] INFO  it.Esercizio.Conti.Conto - Calcolo interessi - Data iniziale: 2022-01-01,Data Del Aggiornata: 2022-03-01 , Giorni Trascorsi: 59, Interesse Giornaliero: 0,32, Interesse totale: 18,97, Interessi Totali: 18,97   
13:56:49.728 [main] INFO  it.Esercizio.Conti.Conto - Chiusura anno- Data Iniziale: 2022-03-01, Data Aggiornata: 2022-12-31, Giorni trascorsi:305 ,Interessi giornaliero: 0,34,Interesse Calcolato: 102,26, Interesse Complessivo 121,24 
13:56:49.728 [main] INFO  it.Esercizio.Conti.Conto - Tassazione: Data iniziale: 2022-12-31, Data Aggiornata: 2023-01-01, Interessi Totali: 121,24, Tassa al 26%: 31,52, Interesse Netto: 89,71 
13:56:49.728 [main] INFO  it.Esercizio.Conti.Conto - Calcolo interessi - Data iniziale: 2023-01-01,Data Del Aggiornata: 2023-11-13 , Giorni Trascorsi: 316, Interesse Giornaliero: 0,35, Interesse totale: 112,08, Interessi Totali: 112,08   
15:26:01.659 [main] INFO  it.Esercizio.Conti.Conto - Chiusura anno- Data Iniziale: 2021-01-01, Data Aggiornata: 2021-12-31, Giorni trascorsi:364 ,Interessi giornaliero: 0,27,Interesse Calcolato: 99,73, Interesse Complessivo 99,73 
15:26:01.669 [main] INFO  it.Esercizio.Conti.Conto - Tassazione: Data iniziale: 2021-12-31, Data Aggiornata: 2022-01-01, Interessi Totali: 99,73, Tassa al 26%: 25,93, Interesse Netto: 73,80 
15:26:01.670 [main] INFO  it.Esercizio.Conti.Conto - Calcolo interessi - Data iniziale: 2022-01-01,Data Del Aggiornata: 2022-01-01 , Giorni Trascorsi: 0, Interesse Giornaliero: 0,29, Interesse totale: 0,00, Interessi Totali: 0,00   
15:26:01.670 [main] INFO  it.Esercizio.Conti.Conto - Calcolo interessi - Data iniziale: 2022-01-01,Data Del Aggiornata: 2022-03-01 , Giorni Trascorsi: 59, Interesse Giornaliero: 0,32, Interesse totale: 18,97, Interessi Totali: 18,97   
15:26:01.672 [main] INFO  it.Esercizio.Conti.Conto - Chiusura anno- Data Iniziale: 2022-03-01, Data Aggiornata: 2022-12-31, Giorni trascorsi:305 ,Interessi giornaliero: 0,34,Interesse Calcolato: 102,26, Interesse Complessivo 121,24 
15:26:01.672 [main] INFO  it.Esercizio.Conti.Conto - Tassazione: Data iniziale: 2022-12-31, Data Aggiornata: 2023-01-01, Interessi Totali: 121,24, Tassa al 26%: 31,52, Interesse Netto: 89,71 
15:26:01.672 [main] INFO  it.Esercizio.Conti.Conto - Calcolo interessi - Data iniziale: 2023-01-01,Data Del Aggiornata: 2023-11-14 , Giorni Trascorsi: 317, Interesse Giornaliero: 0,35, Interesse totale: 112,43, Interessi Totali: 112,43   
15:47:13.479 [main] INFO  it.Esercizio.Conti.Contoit.Esercizio.Conti.Conto - Chiusura anno- Data Iniziale: 2021-01-01, Data Aggiornata: 2021-12-31, Giorni trascorsi:364 ,Interessi giornaliero: 0,27,Interesse Calcolato: 99,73, Interesse Complessivo 99,73 
15:47:13.481 [main] INFO  it.Esercizio.Conti.Contoit.Esercizio.Conti.Conto - Tassazione: Data iniziale: 2021-12-31, Data Aggiornata: 2022-01-01, Interessi Totali: 99,73, Tassa al 26%: 25,93, Interesse Netto: 73,80 
15:47:13.481 [main] INFO  it.Esercizio.Conti.Contoit.Esercizio.Conti.Conto - Calcolo interessi - Data iniziale: 2022-01-01,Data Del Aggiornata: 2022-01-01 , Giorni Trascorsi: 0, Interesse Giornaliero: 0,29, Interesse totale: 0,00, Interessi Totali: 0,00   
15:47:13.482 [main] INFO  it.Esercizio.Conti.Contoit.Esercizio.Conti.Conto - Calcolo interessi - Data iniziale: 2022-01-01,Data Del Aggiornata: 2022-03-01 , Giorni Trascorsi: 59, Interesse Giornaliero: 0,32, Interesse totale: 18,97, Interessi Totali: 18,97   
15:47:13.483 [main] INFO  it.Esercizio.Conti.Contoit.Esercizio.Conti.Conto - Chiusura anno- Data Iniziale: 2022-03-01, Data Aggiornata: 2022-12-31, Giorni trascorsi:305 ,Interessi giornaliero: 0,34,Interesse Calcolato: 102,26, Interesse Complessivo 121,24 
15:47:13.483 [main] INFO  it.Esercizio.Conti.Contoit.Esercizio.Conti.Conto - Tassazione: Data iniziale: 2022-12-31, Data Aggiornata: 2023-01-01, Interessi Totali: 121,24, Tassa al 26%: 31,52, Interesse Netto: 89,71 
15:47:13.483 [main] INFO  it.Esercizio.Conti.Contoit.Esercizio.Conti.Conto - Calcolo interessi - Data iniziale: 2023-01-01,Data Del Aggiornata: 2023-11-14 , Giorni Trascorsi: 317, Interesse Giornaliero: 0,35, Interesse totale: 112,43, Interessi Totali: 112,43   
15:47:31.432 [main] INFO  it.Esercizio.Conti.ContoChiusura anno- Data Iniziale: 2021-01-01, Data Aggiornata: 2021-12-31, Giorni trascorsi:364 ,Interessi giornaliero: 0,27,Interesse Calcolato: 99,73, Interesse Complessivo 99,73  - Chiusura anno- Data Iniziale: 2021-01-01, Data Aggiornata: 2021-12-31, Giorni trascorsi:364 ,Interessi giornaliero: 0,27,Interesse Calcolato: 99,73, Interesse Complessivo 99,73 
15:47:31.434 [main] INFO  it.Esercizio.Conti.ContoTassazione: Data iniziale: 2021-12-31, Data Aggiornata: 2022-01-01, Interessi Totali: 99,73, Tassa al 26%: 25,93, Interesse Netto: 73,80  - Tassazione: Data iniziale: 2021-12-31, Data Aggiornata: 2022-01-01, Interessi Totali: 99,73, Tassa al 26%: 25,93, Interesse Netto: 73,80 
15:47:31.434 [main] INFO  it.Esercizio.Conti.ContoCalcolo interessi - Data iniziale: 2022-01-01,Data Del Aggiornata: 2022-01-01 , Giorni Trascorsi: 0, Interesse Giornaliero: 0,29, Interesse totale: 0,00, Interessi Totali: 0,00    - Calcolo interessi - Data iniziale: 2022-01-01,Data Del Aggiornata: 2022-01-01 , Giorni Trascorsi: 0, Interesse Giornaliero: 0,29, Interesse totale: 0,00, Interessi Totali: 0,00   
15:47:31.435 [main] INFO  it.Esercizio.Conti.ContoCalcolo interessi - Data iniziale: 2022-01-01,Data Del Aggiornata: 2022-03-01 , Giorni Trascorsi: 59, Interesse Giornaliero: 0,32, Interesse totale: 18,97, Interessi Totali: 18,97    - Calcolo interessi - Data iniziale: 2022-01-01,Data Del Aggiornata: 2022-03-01 , Giorni Trascorsi: 59, Interesse Giornaliero: 0,32, Interesse totale: 18,97, Interessi Totali: 18,97   
15:47:31.437 [main] INFO  it.Esercizio.Conti.ContoChiusura anno- Data Iniziale: 2022-03-01, Data Aggiornata: 2022-12-31, Giorni trascorsi:305 ,Interessi giornaliero: 0,34,Interesse Calcolato: 102,26, Interesse Complessivo 121,24  - Chiusura anno- Data Iniziale: 2022-03-01, Data Aggiornata: 2022-12-31, Giorni trascorsi:305 ,Interessi giornaliero: 0,34,Interesse Calcolato: 102,26, Interesse Complessivo 121,24 
15:47:31.437 [main] INFO  it.Esercizio.Conti.ContoTassazione: Data iniziale: 2022-12-31, Data Aggiornata: 2023-01-01, Interessi Totali: 121,24, Tassa al 26%: 31,52, Interesse Netto: 89,71  - Tassazione: Data iniziale: 2022-12-31, Data Aggiornata: 2023-01-01, Interessi Totali: 121,24, Tassa al 26%: 31,52, Interesse Netto: 89,71 
15:47:31.437 [main] INFO  it.Esercizio.Conti.ContoCalcolo interessi - Data iniziale: 2023-01-01,Data Del Aggiornata: 2023-11-14 , Giorni Trascorsi: 317, Interesse Giornaliero: 0,35, Interesse totale: 112,43, Interessi Totali: 112,43    - Calcolo interessi - Data iniziale: 2023-01-01,Data Del Aggiornata: 2023-11-14 , Giorni Trascorsi: 317, Interesse Giornaliero: 0,35, Interesse totale: 112,43, Interessi Totali: 112,43   
15:49:17.070 [main] INFO  it.Esercizio.Conti.Conto.Chiusura anno- Data Iniziale: 2021-01-01, Data Aggiornata: 2021-12-31, Giorni trascorsi:364 ,Interessi giornaliero: 0,27,Interesse Calcolato: 99,73, Interesse Complessivo 99,73  - Chiusura anno- Data Iniziale: 2021-01-01, Data Aggiornata: 2021-12-31, Giorni trascorsi:364 ,Interessi giornaliero: 0,27,Interesse Calcolato: 99,73, Interesse Complessivo 99,73 
15:49:17.072 [main] INFO  it.Esercizio.Conti.Conto.Tassazione: Data iniziale: 2021-12-31, Data Aggiornata: 2022-01-01, Interessi Totali: 99,73, Tassa al 26%: 25,93, Interesse Netto: 73,80  - Tassazione: Data iniziale: 2021-12-31, Data Aggiornata: 2022-01-01, Interessi Totali: 99,73, Tassa al 26%: 25,93, Interesse Netto: 73,80 
15:49:17.073 [main] INFO  it.Esercizio.Conti.Conto.Calcolo interessi - Data iniziale: 2022-01-01,Data Del Aggiornata: 2022-01-01 , Giorni Trascorsi: 0, Interesse Giornaliero: 0,29, Interesse totale: 0,00, Interessi Totali: 0,00    - Calcolo interessi - Data iniziale: 2022-01-01,Data Del Aggiornata: 2022-01-01 , Giorni Trascorsi: 0, Interesse Giornaliero: 0,29, Interesse totale: 0,00, Interessi Totali: 0,00   
15:49:17.073 [main] INFO  it.Esercizio.Conti.Conto.Calcolo interessi - Data iniziale: 2022-01-01,Data Del Aggiornata: 2022-03-01 , Giorni Trascorsi: 59, Interesse Giornaliero: 0,32, Interesse totale: 18,97, Interessi Totali: 18,97    - Calcolo interessi - Data iniziale: 2022-01-01,Data Del Aggiornata: 2022-03-01 , Giorni Trascorsi: 59, Interesse Giornaliero: 0,32, Interesse totale: 18,97, Interessi Totali: 18,97   
15:49:17.075 [main] INFO  it.Esercizio.Conti.Conto.Chiusura anno- Data Iniziale: 2022-03-01, Data Aggiornata: 2022-12-31, Giorni trascorsi:305 ,Interessi giornaliero: 0,34,Interesse Calcolato: 102,26, Interesse Complessivo 121,24  - Chiusura anno- Data Iniziale: 2022-03-01, Data Aggiornata: 2022-12-31, Giorni trascorsi:305 ,Interessi giornaliero: 0,34,Interesse Calcolato: 102,26, Interesse Complessivo 121,24 
15:49:17.075 [main] INFO  it.Esercizio.Conti.Conto.Tassazione: Data iniziale: 2022-12-31, Data Aggiornata: 2023-01-01, Interessi Totali: 121,24, Tassa al 26%: 31,52, Interesse Netto: 89,71  - Tassazione: Data iniziale: 2022-12-31, Data Aggiornata: 2023-01-01, Interessi Totali: 121,24, Tassa al 26%: 31,52, Interesse Netto: 89,71 
15:49:17.075 [main] INFO  it.Esercizio.Conti.Conto.Calcolo interessi - Data iniziale: 2023-01-01,Data Del Aggiornata: 2023-11-14 , Giorni Trascorsi: 317, Interesse Giornaliero: 0,35, Interesse totale: 112,43, Interessi Totali: 112,43    - Calcolo interessi - Data iniziale: 2023-01-01,Data Del Aggiornata: 2023-11-14 , Giorni Trascorsi: 317, Interesse Giornaliero: 0,35, Interesse totale: 112,43, Interessi Totali: 112,43   
15:49:58.689 [main] INFO  it.Esercizio.Conti.Conto - Chiusura anno- Data Iniziale: 2021-01-01, Data Aggiornata: 2021-12-31, Giorni trascorsi:364 ,Interessi giornaliero: 0,27,Interesse Calcolato: 99,73, Interesse Complessivo 99,73 
15:49:58.691 [main] INFO  it.Esercizio.Conti.Conto - Tassazione: Data iniziale: 2021-12-31, Data Aggiornata: 2022-01-01, Interessi Totali: 99,73, Tassa al 26%: 25,93, Interesse Netto: 73,80 
15:49:58.691 [main] INFO  it.Esercizio.Conti.Conto - Calcolo interessi - Data iniziale: 2022-01-01,Data Del Aggiornata: 2022-01-01 , Giorni Trascorsi: 0, Interesse Giornaliero: 0,29, Interesse totale: 0,00, Interessi Totali: 0,00   
15:49:58.692 [main] INFO  it.Esercizio.Conti.Conto - Calcolo interessi - Data iniziale: 2022-01-01,Data Del Aggiornata: 2022-03-01 , Giorni Trascorsi: 59, Interesse Giornaliero: 0,32, Interesse totale: 18,97, Interessi Totali: 18,97   
15:49:58.693 [main] INFO  it.Esercizio.Conti.Conto - Chiusura anno- Data Iniziale: 2022-03-01, Data Aggiornata: 2022-12-31, Giorni trascorsi:305 ,Interessi giornaliero: 0,34,Interesse Calcolato: 102,26, Interesse Complessivo 121,24 
15:49:58.693 [main] INFO  it.Esercizio.Conti.Conto - Tassazione: Data iniziale: 2022-12-31, Data Aggiornata: 2023-01-01, Interessi Totali: 121,24, Tassa al 26%: 31,52, Interesse Netto: 89,71 
15:49:58.694 [main] INFO  it.Esercizio.Conti.Conto - Calcolo interessi - Data iniziale: 2023-01-01,Data Del Aggiornata: 2023-11-14 , Giorni Trascorsi: 317, Interesse Giornaliero: 0,35, Interesse totale: 112,43, Interessi Totali: 112,43   
15:50:15.199 [main] INFO  it.Esercizio.Conti.ContoChiusura anno- Data Iniziale: 2021-01-01, Data Aggiornata: 2021-12-31, Giorni trascorsi:364 ,Interessi giornaliero: 0,27,Interesse Calcolato: 99,73, Interesse Complessivo 99,73  - Chiusura anno- Data Iniziale: 2021-01-01, Data Aggiornata: 2021-12-31, Giorni trascorsi:364 ,Interessi giornaliero: 0,27,Interesse Calcolato: 99,73, Interesse Complessivo 99,73 
15:50:15.201 [main] INFO  it.Esercizio.Conti.ContoTassazione: Data iniziale: 2021-12-31, Data Aggiornata: 2022-01-01, Interessi Totali: 99,73, Tassa al 26%: 25,93, Interesse Netto: 73,80  - Tassazione: Data iniziale: 2021-12-31, Data Aggiornata: 2022-01-01, Interessi Totali: 99,73, Tassa al 26%: 25,93, Interesse Netto: 73,80 
15:50:15.201 [main] INFO  it.Esercizio.Conti.ContoCalcolo interessi - Data iniziale: 2022-01-01,Data Del Aggiornata: 2022-01-01 , Giorni Trascorsi: 0, Interesse Giornaliero: 0,29, Interesse totale: 0,00, Interessi Totali: 0,00    - Calcolo interessi - Data iniziale: 2022-01-01,Data Del Aggiornata: 2022-01-01 , Giorni Trascorsi: 0, Interesse Giornaliero: 0,29, Interesse totale: 0,00, Interessi Totali: 0,00   
15:50:15.201 [main] INFO  it.Esercizio.Conti.ContoCalcolo interessi - Data iniziale: 2022-01-01,Data Del Aggiornata: 2022-03-01 , Giorni Trascorsi: 59, Interesse Giornaliero: 0,32, Interesse totale: 18,97, Interessi Totali: 18,97    - Calcolo interessi - Data iniziale: 2022-01-01,Data Del Aggiornata: 2022-03-01 , Giorni Trascorsi: 59, Interesse Giornaliero: 0,32, Interesse totale: 18,97, Interessi Totali: 18,97   
15:50:15.203 [main] INFO  it.Esercizio.Conti.ContoChiusura anno- Data Iniziale: 2022-03-01, Data Aggiornata: 2022-12-31, Giorni trascorsi:305 ,Interessi giornaliero: 0,34,Interesse Calcolato: 102,26, Interesse Complessivo 121,24  - Chiusura anno- Data Iniziale: 2022-03-01, Data Aggiornata: 2022-12-31, Giorni trascorsi:305 ,Interessi giornaliero: 0,34,Interesse Calcolato: 102,26, Interesse Complessivo 121,24 
15:50:15.203 [main] INFO  it.Esercizio.Conti.ContoTassazione: Data iniziale: 2022-12-31, Data Aggiornata: 2023-01-01, Interessi Totali: 121,24, Tassa al 26%: 31,52, Interesse Netto: 89,71  - Tassazione: Data iniziale: 2022-12-31, Data Aggiornata: 2023-01-01, Interessi Totali: 121,24, Tassa al 26%: 31,52, Interesse Netto: 89,71 
15:50:15.203 [main] INFO  it.Esercizio.Conti.ContoCalcolo interessi - Data iniziale: 2023-01-01,Data Del Aggiornata: 2023-11-14 , Giorni Trascorsi: 317, Interesse Giornaliero: 0,35, Interesse totale: 112,43, Interessi Totali: 112,43    - Calcolo interessi - Data iniziale: 2023-01-01,Data Del Aggiornata: 2023-11-14 , Giorni Trascorsi: 317, Interesse Giornaliero: 0,35, Interesse totale: 112,43, Interessi Totali: 112,43   
15:51:10.801 [main] INFO  it.Esercizio.Conti.Conto - Chiusura anno- Data Iniziale: 2021-01-01, Data Aggiornata: 2021-12-31, Giorni trascorsi:364 ,Interessi giornaliero: 0,27,Interesse Calcolato: 99,73, Interesse Complessivo 99,73 
15:51:10.803 [main] INFO  it.Esercizio.Conti.Conto - Tassazione: Data iniziale: 2021-12-31, Data Aggiornata: 2022-01-01, Interessi Totali: 99,73, Tassa al 26%: 25,93, Interesse Netto: 73,80 
15:51:10.803 [main] INFO  it.Esercizio.Conti.Conto - Calcolo interessi - Data iniziale: 2022-01-01,Data Del Aggiornata: 2022-01-01 , Giorni Trascorsi: 0, Interesse Giornaliero: 0,29, Interesse totale: 0,00, Interessi Totali: 0,00   
15:51:10.803 [main] INFO  it.Esercizio.Conti.Conto - Calcolo interessi - Data iniziale: 2022-01-01,Data Del Aggiornata: 2022-03-01 , Giorni Trascorsi: 59, Interesse Giornaliero: 0,32, Interesse totale: 18,97, Interessi Totali: 18,97   
15:51:10.805 [main] INFO  it.Esercizio.Conti.Conto - Chiusura anno- Data Iniziale: 2022-03-01, Data Aggiornata: 2022-12-31, Giorni trascorsi:305 ,Interessi giornaliero: 0,34,Interesse Calcolato: 102,26, Interesse Complessivo 121,24 
15:51:10.805 [main] INFO  it.Esercizio.Conti.Conto - Tassazione: Data iniziale: 2022-12-31, Data Aggiornata: 2023-01-01, Interessi Totali: 121,24, Tassa al 26%: 31,52, Interesse Netto: 89,71 
15:51:10.805 [main] INFO  it.Esercizio.Conti.Conto - Calcolo interessi - Data iniziale: 2023-01-01,Data Del Aggiornata: 2023-11-14 , Giorni Trascorsi: 317, Interesse Giornaliero: 0,35, Interesse totale: 112,43, Interessi Totali: 112,43   
15:52:46.072 [main] INFO  Conto:98 - Chiusura anno- Data Iniziale: 2021-01-01, Data Aggiornata: 2021-12-31, Giorni trascorsi:364 ,Interessi giornaliero: 0,27,Interesse Calcolato: 99,73, Interesse Complessivo 99,73 
15:52:46.074 [main] INFO  Conto:251 - Tassazione: Data iniziale: 2021-12-31, Data Aggiornata: 2022-01-01, Interessi Totali: 99,73, Tassa al 26%: 25,93, Interesse Netto: 73,80 
15:52:46.074 [main] INFO  Conto:80 - Calcolo interessi - Data iniziale: 2022-01-01,Data Del Aggiornata: 2022-01-01 , Giorni Trascorsi: 0, Interesse Giornaliero: 0,29, Interesse totale: 0,00, Interessi Totali: 0,00   
15:52:46.075 [main] INFO  Conto:80 - Calcolo interessi - Data iniziale: 2022-01-01,Data Del Aggiornata: 2022-03-01 , Giorni Trascorsi: 59, Interesse Giornaliero: 0,32, Interesse totale: 18,97, Interessi Totali: 18,97   
15:52:46.076 [main] INFO  Conto:98 - Chiusura anno- Data Iniziale: 2022-03-01, Data Aggiornata: 2022-12-31, Giorni trascorsi:305 ,Interessi giornaliero: 0,34,Interesse Calcolato: 102,26, Interesse Complessivo 121,24 
15:52:46.076 [main] INFO  Conto:251 - Tassazione: Data iniziale: 2022-12-31, Data Aggiornata: 2023-01-01, Interessi Totali: 121,24, Tassa al 26%: 31,52, Interesse Netto: 89,71 
15:52:46.077 [main] INFO  Conto:80 - Calcolo interessi - Data iniziale: 2023-01-01,Data Del Aggiornata: 2023-11-14 , Giorni Trascorsi: 317, Interesse Giornaliero: 0,35, Interesse totale: 112,43, Interessi Totali: 112,43   
15:53:15.394 [main] INFO  Conto: - Chiusura anno- Data Iniziale: 2021-01-01, Data Aggiornata: 2021-12-31, Giorni trascorsi:364 ,Interessi giornaliero: 0,27,Interesse Calcolato: 99,73, Interesse Complessivo 99,73 
15:53:15.395 [main] INFO  Conto: - Tassazione: Data iniziale: 2021-12-31, Data Aggiornata: 2022-01-01, Interessi Totali: 99,73, Tassa al 26%: 25,93, Interesse Netto: 73,80 
15:53:15.396 [main] INFO  Conto: - Calcolo interessi - Data iniziale: 2022-01-01,Data Del Aggiornata: 2022-01-01 , Giorni Trascorsi: 0, Interesse Giornaliero: 0,29, Interesse totale: 0,00, Interessi Totali: 0,00   
15:53:15.396 [main] INFO  Conto: - Calcolo interessi - Data iniziale: 2022-01-01,Data Del Aggiornata: 2022-03-01 , Giorni Trascorsi: 59, Interesse Giornaliero: 0,32, Interesse totale: 18,97, Interessi Totali: 18,97   
15:53:15.397 [main] INFO  Conto: - Chiusura anno- Data Iniziale: 2022-03-01, Data Aggiornata: 2022-12-31, Giorni trascorsi:305 ,Interessi giornaliero: 0,34,Interesse Calcolato: 102,26, Interesse Complessivo 121,24 
15:53:15.397 [main] INFO  Conto: - Tassazione: Data iniziale: 2022-12-31, Data Aggiornata: 2023-01-01, Interessi Totali: 121,24, Tassa al 26%: 31,52, Interesse Netto: 89,71 
15:53:15.397 [main] INFO  Conto: - Calcolo interessi - Data iniziale: 2023-01-01,Data Del Aggiornata: 2023-11-14 , Giorni Trascorsi: 317, Interesse Giornaliero: 0,35, Interesse totale: 112,43, Interessi Totali: 112,43   
15:54:06.592 [main] INFO  ContochiusuraAnno: - Chiusura anno- Data Iniziale: 2021-01-01, Data Aggiornata: 2021-12-31, Giorni trascorsi:364 ,Interessi giornaliero: 0,27,Interesse Calcolato: 99,73, Interesse Complessivo 99,73 
15:54:06.594 [main] INFO  Contotassazione: - Tassazione: Data iniziale: 2021-12-31, Data Aggiornata: 2022-01-01, Interessi Totali: 99,73, Tassa al 26%: 25,93, Interesse Netto: 73,80 
15:54:06.594 [main] INFO  ContoaggiornaInteressi: - Calcolo interessi - Data iniziale: 2022-01-01,Data Del Aggiornata: 2022-01-01 , Giorni Trascorsi: 0, Interesse Giornaliero: 0,29, Interesse totale: 0,00, Interessi Totali: 0,00   
15:54:06.594 [main] INFO  ContoaggiornaInteressi: - Calcolo interessi - Data iniziale: 2022-01-01,Data Del Aggiornata: 2022-03-01 , Giorni Trascorsi: 59, Interesse Giornaliero: 0,32, Interesse totale: 18,97, Interessi Totali: 18,97   
15:54:06.595 [main] INFO  ContochiusuraAnno: - Chiusura anno- Data Iniziale: 2022-03-01, Data Aggiornata: 2022-12-31, Giorni trascorsi:305 ,Interessi giornaliero: 0,34,Interesse Calcolato: 102,26, Interesse Complessivo 121,24 
15:54:06.595 [main] INFO  Contotassazione: - Tassazione: Data iniziale: 2022-12-31, Data Aggiornata: 2023-01-01, Interessi Totali: 121,24, Tassa al 26%: 31,52, Interesse Netto: 89,71 
15:54:06.597 [main] INFO  ContoaggiornaInteressi: - Calcolo interessi - Data iniziale: 2023-01-01,Data Del Aggiornata: 2023-11-14 , Giorni Trascorsi: 317, Interesse Giornaliero: 0,35, Interesse totale: 112,43, Interessi Totali: 112,43   
15:54:24.087 [main] INFO  Conto.chiusuraAnno: - Chiusura anno- Data Iniziale: 2021-01-01, Data Aggiornata: 2021-12-31, Giorni trascorsi:364 ,Interessi giornaliero: 0,27,Interesse Calcolato: 99,73, Interesse Complessivo 99,73 
15:54:24.089 [main] INFO  Conto.tassazione: - Tassazione: Data iniziale: 2021-12-31, Data Aggiornata: 2022-01-01, Interessi Totali: 99,73, Tassa al 26%: 25,93, Interesse Netto: 73,80 
15:54:24.089 [main] INFO  Conto.aggiornaInteressi: - Calcolo interessi - Data iniziale: 2022-01-01,Data Del Aggiornata: 2022-01-01 , Giorni Trascorsi: 0, Interesse Giornaliero: 0,29, Interesse totale: 0,00, Interessi Totali: 0,00   
15:54:24.089 [main] INFO  Conto.aggiornaInteressi: - Calcolo interessi - Data iniziale: 2022-01-01,Data Del Aggiornata: 2022-03-01 , Giorni Trascorsi: 59, Interesse Giornaliero: 0,32, Interesse totale: 18,97, Interessi Totali: 18,97   
15:54:24.091 [main] INFO  Conto.chiusuraAnno: - Chiusura anno- Data Iniziale: 2022-03-01, Data Aggiornata: 2022-12-31, Giorni trascorsi:305 ,Interessi giornaliero: 0,34,Interesse Calcolato: 102,26, Interesse Complessivo 121,24 
15:54:24.091 [main] INFO  Conto.tassazione: - Tassazione: Data iniziale: 2022-12-31, Data Aggiornata: 2023-01-01, Interessi Totali: 121,24, Tassa al 26%: 31,52, Interesse Netto: 89,71 
15:54:24.091 [main] INFO  Conto.aggiornaInteressi: - Calcolo interessi - Data iniziale: 2023-01-01,Data Del Aggiornata: 2023-11-14 , Giorni Trascorsi: 317, Interesse Giornaliero: 0,35, Interesse totale: 112,43, Interessi Totali: 112,43   
15:57:20.858 [main] INFO  Conto.chiusuraAnno: - Chiusura anno- Data I: 2021-01-01, Data 2: 2021-12-31, Giorni trascorsi:364 ,Interessi giornaliero: 0,27,Interesse Calcolato: 99,73, Interesse Complessivo 99,73 
15:57:20.860 [main] INFO  Conto.tassazione: - Tassazione: Data iniziale: 2021-12-31, Data Aggiornata: 2022-01-01, Interessi Totali: 99,73, Tassa al 26%: 25,93, Interesse Netto: 73,80 
15:57:20.860 [main] INFO  Conto.aggiornaInteressi: - Calcolo interessi - Data iniziale: 2022-01-01,Data Del Aggiornata: 2022-01-01 , Giorni Trascorsi: 0, Interesse Giornaliero: 0,29, Interesse totale: 0,00, Interessi Totali: 0,00   
15:57:20.861 [main] INFO  Conto.aggiornaInteressi: - Calcolo interessi - Data iniziale: 2022-01-01,Data Del Aggiornata: 2022-03-01 , Giorni Trascorsi: 59, Interesse Giornaliero: 0,32, Interesse totale: 18,97, Interessi Totali: 18,97   
15:57:20.863 [main] INFO  Conto.chiusuraAnno: - Chiusura anno- Data I: 2022-03-01, Data 2: 2022-12-31, Giorni trascorsi:305 ,Interessi giornaliero: 0,34,Interesse Calcolato: 102,26, Interesse Complessivo 121,24 
15:57:20.863 [main] INFO  Conto.tassazione: - Tassazione: Data iniziale: 2022-12-31, Data Aggiornata: 2023-01-01, Interessi Totali: 121,24, Tassa al 26%: 31,52, Interesse Netto: 89,71 
15:57:20.863 [main] INFO  Conto.aggiornaInteressi: - Calcolo interessi - Data iniziale: 2023-01-01,Data Del Aggiornata: 2023-11-14 , Giorni Trascorsi: 317, Interesse Giornaliero: 0,35, Interesse totale: 112,43, Interessi Totali: 112,43   
16:01:53.243 [main] INFO  Conto.chiusuraAnno: - Chiusura anno- Data1: 2021-01-01, Data2: 2021-12-31, Giorni trascorsi:364,Saldo base:1099.7260273972602,Perc Giornaliera:0.0273972602739726 ,Interessi giornaliero: 0,27,Interesse Calcolato: 99,73, Interesse Complessivo 99,73 
16:01:53.245 [main] INFO  Conto.tassazione: - Tassazione: Data iniziale: 2021-12-31, Data Aggiornata: 2022-01-01, Interessi Totali: 99,73, Tassa al 26%: 25,93, Interesse Netto: 73,80 
16:01:53.245 [main] INFO  Conto.aggiornaInteressi: - Calcolo interessi - Data iniziale: 2022-01-01,Data Del Aggiornata: 2022-01-01 , Giorni Trascorsi: 0,, Interesse Giornaliero: 1073.7972602739724, Interesse totale: 0.0273972602739726, Interessi Totali: 0,29   
16:01:53.245 [main] INFO  Conto.aggiornaInteressi: - Calcolo interessi - Data iniziale: 2022-01-01,Data Del Aggiornata: 2022-03-01 , Giorni Trascorsi: 59,, Interesse Giornaliero: 1173.7972602739724, Interesse totale: 0.0273972602739726, Interessi Totali: 0,32   
16:01:53.248 [main] INFO  Conto.chiusuraAnno: - Chiusura anno- Data1: 2022-03-01, Data2: 2022-12-31, Giorni trascorsi:305,Saldo base:1326.0597710639893,Perc Giornaliera:0.0273972602739726 ,Interessi giornaliero: 0,34,Interesse Calcolato: 102,26, Interesse Complessivo 121,24 
16:01:53.248 [main] INFO  Conto.tassazione: - Tassazione: Data iniziale: 2022-12-31, Data Aggiornata: 2023-01-01, Interessi Totali: 121,24, Tassa al 26%: 31,52, Interesse Netto: 89,71 
16:01:53.248 [main] INFO  Conto.aggiornaInteressi: - Calcolo interessi - Data iniziale: 2023-01-01,Data Del Aggiornata: 2023-11-14 , Giorni Trascorsi: 317,, Interesse Giornaliero: 1294.5383538825295, Interesse totale: 0.0273972602739726, Interessi Totali: 0,35   
16:03:29.565 [main] INFO  Conto.chiusuraAnno: - Chiusura anno- Data1: 2021-01-01, Data2: 2021-12-31, Giorni trascorsi:364,Saldo base:1000.0,Perc Giornaliera:0.0273972602739726 ,Interessi giornaliero: 0,27,Interesse Calcolato: 99,73, Interesse Complessivo 99,73 
16:03:29.567 [main] INFO  Conto.tassazione: - Tassazione: Data iniziale: 2021-12-31, Data Aggiornata: 2022-01-01, Interessi Totali: 99,73, Tassa al 26%: 25,93, Interesse Netto: 73,80 
16:03:29.567 [main] INFO  Conto.aggiornaInteressi: - Calcolo interessi - Data iniziale: 2022-01-01,Data Del Aggiornata: 2022-01-01 , Giorni Trascorsi: 0,, Interesse Giornaliero: 1073.7972602739724, Interesse totale: 0.0273972602739726, Interessi Totali: 0,29   
16:03:29.567 [main] INFO  Conto.aggiornaInteressi: - Calcolo interessi - Data iniziale: 2022-01-01,Data Del Aggiornata: 2022-03-01 , Giorni Trascorsi: 59,, Interesse Giornaliero: 1173.7972602739724, Interesse totale: 0.0273972602739726, Interessi Totali: 0,32   
16:03:29.569 [main] INFO  Conto.chiusuraAnno: - Chiusura anno- Data1: 2022-03-01, Data2: 2022-12-31, Giorni trascorsi:305,Saldo base:1223.7972602739724,Perc Giornaliera:0.0273972602739726 ,Interessi giornaliero: 0,34,Interesse Calcolato: 102,26, Interesse Complessivo 121,24 
16:03:29.570 [main] INFO  Conto.tassazione: - Tassazione: Data iniziale: 2022-12-31, Data Aggiornata: 2023-01-01, Interessi Totali: 121,24, Tassa al 26%: 31,52, Interesse Netto: 89,71 
16:03:29.570 [main] INFO  Conto.aggiornaInteressi: - Calcolo interessi - Data iniziale: 2023-01-01,Data Del Aggiornata: 2023-11-14 , Giorni Trascorsi: 317,, Interesse Giornaliero: 1294.5383538825295, Interesse totale: 0.0273972602739726, Interessi Totali: 0,35   
16:06:38.680 [main] INFO  Conto.chiusuraAnno: - Chiusura anno- Data1: 2021-01-01, Data2: 2021-12-31, Giorni trascorsi:364,Saldo base:1000,00,Perc Giornaliera:0,03 ,Interessi giornaliero: 0,27,Interesse Calcolato: 99,73, Interesse Complessivo 99,73 
16:06:38.682 [main] INFO  Conto.tassazione: - Tassazione: Data iniziale: 2021-12-31, Data Aggiornata: 2022-01-01, Interessi Totali: 99,73, Tassa al 26%: 25,93, Interesse Netto: 73,80 
16:06:38.682 [main] INFO  Conto.aggiornaInteressi: - Calcolo interessi - Data iniziale: 2022-01-01,Data Del Aggiornata: 2022-01-01 , Giorni Trascorsi: 0,, Interesse Giornaliero: 1073,80, Interesse totale: 0,03, Interessi Totali: 0,29   
16:06:38.682 [main] INFO  Conto.aggiornaInteressi: - Calcolo interessi - Data iniziale: 2022-01-01,Data Del Aggiornata: 2022-03-01 , Giorni Trascorsi: 59,, Interesse Giornaliero: 1173,80, Interesse totale: 0,03, Interessi Totali: 0,32   
16:06:38.684 [main] INFO  Conto.chiusuraAnno: - Chiusura anno- Data1: 2022-03-01, Data2: 2022-12-31, Giorni trascorsi:305,Saldo base:1223,80,Perc Giornaliera:0,03 ,Interessi giornaliero: 0,34,Interesse Calcolato: 102,26, Interesse Complessivo 121,24 
16:06:38.684 [main] INFO  Conto.tassazione: - Tassazione: Data iniziale: 2022-12-31, Data Aggiornata: 2023-01-01, Interessi Totali: 121,24, Tassa al 26%: 31,52, Interesse Netto: 89,71 
16:06:38.684 [main] INFO  Conto.aggiornaInteressi: - Calcolo interessi - Data iniziale: 2023-01-01,Data Del Aggiornata: 2023-11-14 , Giorni Trascorsi: 317,, Interesse Giornaliero: 1294,54, Interesse totale: 0,03, Interessi Totali: 0,35   
16:10:45.180 [main] INFO  Conto.chiusuraAnno: - Chiusura anno- Data1: 2021-01-01, Data2: 2021-12-31, Giorni trascorsi:364,Saldo base:1000,00,Perc Giornaliera:0.0273972602739726 ,Interessi giornaliero: 0,27,Interesse Calcolato: 99,73, Interesse Complessivo 99,73 
16:10:45.181 [main] INFO  Conto.tassazione: - Tassazione: Data iniziale: 2021-12-31, Data Aggiornata: 2022-01-01, Interessi Totali: 99,73, Tassa al 26%: 25,93, Interesse Netto: 73,80 
16:10:45.181 [main] INFO  Conto.aggiornaInteressi: - Calcolo interessi - Data iniziale: 2022-01-01,Data Del Aggiornata: 2022-01-01 , Giorni Trascorsi: 0,, Interesse Giornaliero: 1073,80, Interesse totale: 0,03, Interessi Totali: 0,29   
16:10:45.181 [main] INFO  Conto.aggiornaInteressi: - Calcolo interessi - Data iniziale: 2022-01-01,Data Del Aggiornata: 2022-03-01 , Giorni Trascorsi: 59,, Interesse Giornaliero: 1173,80, Interesse totale: 0,03, Interessi Totali: 0,32   
16:10:45.183 [main] INFO  Conto.chiusuraAnno: - Chiusura anno- Data1: 2022-03-01, Data2: 2022-12-31, Giorni trascorsi:305,Saldo base:1223,80,Perc Giornaliera:0.0273972602739726 ,Interessi giornaliero: 0,34,Interesse Calcolato: 102,26, Interesse Complessivo 121,24 
16:10:45.183 [main] INFO  Conto.tassazione: - Tassazione: Data iniziale: 2022-12-31, Data Aggiornata: 2023-01-01, Interessi Totali: 121,24, Tassa al 26%: 31,52, Interesse Netto: 89,71 
16:10:45.183 [main] INFO  Conto.aggiornaInteressi: - Calcolo interessi - Data iniziale: 2023-01-01,Data Del Aggiornata: 2023-11-14 , Giorni Trascorsi: 317,, Interesse Giornaliero: 1294,54, Interesse totale: 0,03, Interessi Totali: 0,35   
16:19:31.036 [main] INFO  Conto.chiusuraAnno: - Chiusura anno- Data1: 2021-01-01, Data2: 2021-12-31, Giorni trascorsi:364,Saldo base:1000,00,Perc Giornaliera:0.0273972602739726 ,Interessi giornaliero: 0,27,Interesse Calcolato: 99,73, Interesse Complessivo 99,73 
16:19:31.038 [main] INFO  Conto.tassazione: - Tassazione: Data iniziale: 2021-12-31, Data Aggiornata: 2022-01-01, Interessi Totali: 99,73, Tassa al 26%: 25,93, Interesse Netto: 73,80 
16:19:31.038 [main] INFO  Conto.aggiornaInteressi: - Calcolo interessi - Data iniziale: 2022-01-01,Data Del Aggiornata: 2022-01-01 , Giorni Trascorsi: 0,Saldo base:1073,80,Perc Giornaliera:0,03, Interesse Giornaliero: 0,29, Interesse totale: 0,00, Interessi Totali: 0,00   
16:19:31.038 [main] INFO  Conto.aggiornaInteressi: - Calcolo interessi - Data iniziale: 2022-01-01,Data Del Aggiornata: 2022-03-01 , Giorni Trascorsi: 59,Saldo base:1173,80,Perc Giornaliera:0,03, Interesse Giornaliero: 0,32, Interesse totale: 18,97, Interessi Totali: 18,97   
16:19:31.040 [main] INFO  Conto.chiusuraAnno: - Chiusura anno- Data1: 2022-03-01, Data2: 2022-12-31, Giorni trascorsi:305,Saldo base:1223,80,Perc Giornaliera:0.0273972602739726 ,Interessi giornaliero: 0,34,Interesse Calcolato: 102,26, Interesse Complessivo 121,24 
16:19:31.040 [main] INFO  Conto.tassazione: - Tassazione: Data iniziale: 2022-12-31, Data Aggiornata: 2023-01-01, Interessi Totali: 121,24, Tassa al 26%: 31,52, Interesse Netto: 89,71 
16:19:31.040 [main] INFO  Conto.aggiornaInteressi: - Calcolo interessi - Data iniziale: 2023-01-01,Data Del Aggiornata: 2023-11-14 , Giorni Trascorsi: 317,Saldo base:1294,54,Perc Giornaliera:0,03, Interesse Giornaliero: 0,35, Interesse totale: 112,43, Interessi Totali: 112,43   
16:23:57.724 [main] INFO  Conto.chiusuraAnno: - Chiusura anno- Data1: 2021-01-01, Data2: 2021-12-31, Giorni trascorsi:364,Saldo base:1000,00,Perc Giornaliera:0.0273972602739726 ,Interessi giornaliero: 0,27,Interesse Calcolato: 99,73, Interesse Complessivo 99,73 
16:23:57.726 [main] INFO  Conto.tassazione: - Tassazione: Data iniziale: 2021-12-31, Data Aggiornata: 2022-01-01, Interessi Totali: 99,73, Tassa al 26%: 25,93, Interesse Netto: 73,80 
16:23:57.726 [main] INFO  Conto.aggiornaInteressi: - Calcolo interessi - Data iniziale: 2022-01-01,Data Del Aggiornata: 2022-01-01 , Giorni Trascorsi: 0,Saldo base:1073,80,Perc Giornaliera:0,03, Interesse Giornaliero: 0,29, Interesse totale: 0,00, Interessi Totali: 0,00   
16:23:57.726 [main] INFO  Conto.versamento: - Versamento- Data prelievo: 2022-01-01, Importo: 100.0, Saldo parziale1073.7972602739724, Saldo Finale1173.7972602739724
16:23:57.726 [main] INFO  Conto.aggiornaInteressi: - Calcolo interessi - Data iniziale: 2022-01-01,Data Del Aggiornata: 2022-03-01 , Giorni Trascorsi: 59,Saldo base:1173,80,Perc Giornaliera:0,03, Interesse Giornaliero: 0,32, Interesse totale: 18,97, Interessi Totali: 18,97   
16:23:57.726 [main] INFO  Conto.versamento: - Versamento- Data prelievo: 2022-03-01, Importo: 50.0, Saldo parziale1173.7972602739724, Saldo Finale1223.7972602739724
16:23:57.728 [main] INFO  Conto.chiusuraAnno: - Chiusura anno- Data1: 2022-03-01, Data2: 2022-12-31, Giorni trascorsi:305,Saldo base:1223,80,Perc Giornaliera:0.0273972602739726 ,Interessi giornaliero: 0,34,Interesse Calcolato: 102,26, Interesse Complessivo 121,24 
16:23:57.728 [main] INFO  Conto.tassazione: - Tassazione: Data iniziale: 2022-12-31, Data Aggiornata: 2023-01-01, Interessi Totali: 121,24, Tassa al 26%: 31,52, Interesse Netto: 89,71 
16:23:57.729 [main] INFO  Conto.aggiornaInteressi: - Calcolo interessi - Data iniziale: 2023-01-01,Data Del Aggiornata: 2023-11-14 , Giorni Trascorsi: 317,Saldo base:1294,54,Perc Giornaliera:0,03, Interesse Giornaliero: 0,35, Interesse totale: 112,43, Interessi Totali: 112,43   
